<?xml version="1.0" encoding="UTF-8"?>
<testsuite name="ticktacktoe.TickTackToeTest" tests="6" skipped="0" failures="0" errors="0" timestamp="2016-10-28T14:42:29" hostname="Tumi-PC" time="0.0">
  <properties/>
  <testcase name="test_initial_fill" classname="ticktacktoe.TickTackToeTest" time="0.0"/>
  <testcase name="test_modify_board" classname="ticktacktoe.TickTackToeTest" time="0.0"/>
  <testcase name="test_is_horizontal_winner" classname="ticktacktoe.TickTackToeTest" time="0.0"/>
  <testcase name="test_is_occupied" classname="ticktacktoe.TickTackToeTest" time="0.0"/>
  <testcase name="test_is_diagonal_winner" classname="ticktacktoe.TickTackToeTest" time="0.0"/>
  <testcase name="test_is_vertical_winner" classname="ticktacktoe.TickTackToeTest" time="0.0"/>
  <system-out><![CDATA[]]></system-out>
  <system-err><![CDATA[]]></system-err>
</testsuite>
